<?xml version="1.0" encoding="UTF-8"?>
<!-- Generated by org.testng.reporters.JUnitReportReporter -->
<testsuite hostname="DESKTOP-RG41173" failures="0" tests="12" name="socaldesignautomation.SocalScheduleService16" time="19.777" errors="0" timestamp="2020-09-04T11:31:40 IST" skipped="0">
  <testcase classname="socaldesignautomation.SocalScheduleService16" name="ReportANaturalGasLeakDesignVerification" time="0.416"/>
  <system-out/>
  <testcase classname="socaldesignautomation.SocalScheduleService16" name="ScheduleServiceDesignVerification" time="0.274"/>
  <system-out/>
  <testcase classname="socaldesignautomation.SocalScheduleService16" name="ScheduleServiceDesignVerification" time="0.245"/>
  <system-out/>
  <testcase classname="socaldesignautomation.SocalScheduleService16" name="PilotRelightDesignVerification" time="3.080"/>
  <system-out/>
  <testcase classname="socaldesignautomation.SocalScheduleService16" name="TransferServiceDesignVerification" time="0.450"/>
  <system-out/>
  <testcase classname="socaldesignautomation.SocalScheduleService16" name="PilotRelightDesignVerification" time="0.384"/>
  <system-out/>
  <testcase classname="socaldesignautomation.SocalScheduleService16" name="ReportANaturalGasLeakDesignVerification" time="2.952"/>
  <system-out/>
  <testcase classname="socaldesignautomation.SocalScheduleService16" name="PilotRelightDesignVerification" time="0.335"/>
  <system-out/>
  <testcase classname="socaldesignautomation.SocalScheduleService16" name="ReportANaturalGasLeakDesignVerification" time="0.901"/>
  <system-out/>
  <testcase classname="socaldesignautomation.SocalScheduleService16" name="TransferServiceDesignVerification" time="0.211"/>
  <system-out/>
  <testcase classname="socaldesignautomation.SocalScheduleService16" name="ScheduleServiceDesignVerification" time="3.017"/>
  <system-out/>
  <testcase classname="socaldesignautomation.SocalScheduleService16" name="TransferServiceDesignVerification" time="7.512"/>
  <system-out/>
</testsuite> <!-- socaldesignautomation.SocalScheduleService16 -->
