<?xml version="1.0" encoding="UTF-8"?>
<!-- Generated by org.testng.reporters.JUnitReportReporter -->
<testsuite hostname="DESKTOP-RG41173" failures="0" tests="18" name="socaldesignautomation.SocalWaysToSave04" time="5.222" errors="0" timestamp="2020-09-04T11:31:40 IST" skipped="0">
  <testcase classname="socaldesignautomation.SocalWaysToSave04" name="EnergySavingsMadeEasyDesignVerification" time="0.199"/>
  <system-out/>
  <testcase classname="socaldesignautomation.SocalWaysToSave04" name="EnergySavingTipsDesignVerification" time="0.222"/>
  <system-out/>
  <testcase classname="socaldesignautomation.SocalWaysToSave04" name="RegisterToStartSavingDesignVerification" time="0.303"/>
  <system-out/>
  <testcase classname="socaldesignautomation.SocalWaysToSave04" name="GettingStartedIsEasyDesignVerification" time="0.343"/>
  <system-out/>
  <testcase classname="socaldesignautomation.SocalWaysToSave04" name="GettingStartedIsEasyDesignVerification" time="0.332"/>
  <system-out/>
  <testcase classname="socaldesignautomation.SocalWaysToSave04" name="WaystoSaveEnergySavingToolDesignVerification" time="0.137"/>
  <system-out/>
  <testcase classname="socaldesignautomation.SocalWaysToSave04" name="WaystoSaveEnergySavingToolDesignVerification" time="0.219"/>
  <system-out/>
  <testcase classname="socaldesignautomation.SocalWaysToSave04" name="EnergySavingTipsDesignVerification" time="0.308"/>
  <system-out/>
  <testcase classname="socaldesignautomation.SocalWaysToSave04" name="RegisterToStartSavingDesignVerification" time="0.427"/>
  <system-out/>
  <testcase classname="socaldesignautomation.SocalWaysToSave04" name="EnergySavingsMadeEasyDesignVerification" time="0.068"/>
  <system-out/>
  <testcase classname="socaldesignautomation.SocalWaysToSave04" name="BenefitsOfWaystoSaveDesignVerification" time="0.340"/>
  <system-out/>
  <testcase classname="socaldesignautomation.SocalWaysToSave04" name="WaystoSaveEnergySavingToolDesignVerification" time="0.194"/>
  <system-out/>
  <testcase classname="socaldesignautomation.SocalWaysToSave04" name="EnergySavingTipsDesignVerification" time="0.092"/>
  <system-out/>
  <testcase classname="socaldesignautomation.SocalWaysToSave04" name="BenefitsOfWaystoSaveDesignVerification" time="0.311"/>
  <system-out/>
  <testcase classname="socaldesignautomation.SocalWaysToSave04" name="BenefitsOfWaystoSaveDesignVerification" time="0.132"/>
  <system-out/>
  <testcase classname="socaldesignautomation.SocalWaysToSave04" name="EnergySavingsMadeEasyDesignVerification" time="0.180"/>
  <system-out/>
  <testcase classname="socaldesignautomation.SocalWaysToSave04" name="GettingStartedIsEasyDesignVerification" time="0.670"/>
  <system-out/>
  <testcase classname="socaldesignautomation.SocalWaysToSave04" name="RegisterToStartSavingDesignVerification" time="0.745"/>
  <system-out/>
</testsuite> <!-- socaldesignautomation.SocalWaysToSave04 -->
