<?xml version="1.0" encoding="UTF-8"?>
<!-- Generated by org.testng.reporters.JUnitReportReporter -->
<testsuite hostname="DESKTOP-RG41173" failures="0" tests="15" name="socaldesignautomation.SocalMyAccount08" time="10.583" errors="0" timestamp="2020-09-04T11:31:40 IST" skipped="0">
  <testcase classname="socaldesignautomation.SocalMyAccount08" name="LogInToMyAccountt" time="0.666"/>
  <system-out/>
  <testcase classname="socaldesignautomation.SocalMyAccount08" name="RegisterForMyAccount_01" time="0.987"/>
  <system-out/>
  <testcase classname="socaldesignautomation.SocalMyAccount08" name="LogInToMyAccountt" time="0.120"/>
  <system-out/>
  <testcase classname="socaldesignautomation.SocalMyAccount08" name="RegisterForMyAccount" time="1.173"/>
  <system-out/>
  <testcase classname="socaldesignautomation.SocalMyAccount08" name="LogInToMyAccountt" time="0.934"/>
  <system-out/>
  <testcase classname="socaldesignautomation.SocalMyAccount08" name="BenefitsOfMyAccount" time="0.377"/>
  <system-out/>
  <testcase classname="socaldesignautomation.SocalMyAccount08" name="RegisterForMyAccount" time="0.253"/>
  <system-out/>
  <testcase classname="socaldesignautomation.SocalMyAccount08" name="RegisterForMyAccount_01" time="0.214"/>
  <system-out/>
  <testcase classname="socaldesignautomation.SocalMyAccount08" name="BenefitsOfMyAccount" time="0.617"/>
  <system-out/>
  <testcase classname="socaldesignautomation.SocalMyAccount08" name="RegisterForMyAccount" time="0.284"/>
  <system-out/>
  <testcase classname="socaldesignautomation.SocalMyAccount08" name="BillManagementDesignVerification" time="3.636"/>
  <system-out/>
  <testcase classname="socaldesignautomation.SocalMyAccount08" name="BillManagementDesignVerification" time="0.569"/>
  <system-out/>
  <testcase classname="socaldesignautomation.SocalMyAccount08" name="BillManagementDesignVerification" time="0.451"/>
  <system-out/>
  <testcase classname="socaldesignautomation.SocalMyAccount08" name="RegisterForMyAccount_01" time="0.173"/>
  <system-out/>
  <testcase classname="socaldesignautomation.SocalMyAccount08" name="BenefitsOfMyAccount" time="0.129"/>
  <system-out/>
</testsuite> <!-- socaldesignautomation.SocalMyAccount08 -->
