<?xml version="1.0" encoding="UTF-8"?>
<!-- Generated by org.testng.reporters.JUnitReportReporter -->
<testsuite hostname="DESKTOP-RG41173" failures="0" tests="15" name="socaldesignautomation.SocalWaysToPay10" time="8.322" errors="0" timestamp="2020-09-04T11:31:40 IST" skipped="0">
  <testcase classname="socaldesignautomation.SocalWaysToPay10" name="PaymentAccepted" time="0.136"/>
  <system-out/>
  <testcase classname="socaldesignautomation.SocalWaysToPay10" name="PayByCreditOrDebit" time="0.346"/>
  <system-out/>
  <testcase classname="socaldesignautomation.SocalWaysToPay10" name="PaymentAccepted" time="0.039"/>
  <system-out/>
  <testcase classname="socaldesignautomation.SocalWaysToPay10" name="WaysToPay" time="0.382"/>
  <system-out/>
  <testcase classname="socaldesignautomation.SocalWaysToPay10" name="PayByCreditOrDebit" time="0.412"/>
  <system-out/>
  <testcase classname="socaldesignautomation.SocalWaysToPay10" name="PayByCreditOrDebit" time="0.247"/>
  <system-out/>
  <testcase classname="socaldesignautomation.SocalWaysToPay10" name="WaysToPay" time="0.044"/>
  <system-out/>
  <testcase classname="socaldesignautomation.SocalWaysToPay10" name="EasyWaysToPayWithMyAccount" time="0.297"/>
  <system-out/>
  <testcase classname="socaldesignautomation.SocalWaysToPay10" name="EasyWaysToPayWithMyAccount" time="3.875"/>
  <system-out/>
  <testcase classname="socaldesignautomation.SocalWaysToPay10" name="EasyWaysToPayWithMyAccount" time="0.653"/>
  <system-out/>
  <testcase classname="socaldesignautomation.SocalWaysToPay10" name="PayByHomeBanking" time="0.286"/>
  <system-out/>
  <testcase classname="socaldesignautomation.SocalWaysToPay10" name="PayByHomeBanking" time="0.059"/>
  <system-out/>
  <testcase classname="socaldesignautomation.SocalWaysToPay10" name="PayByHomeBanking" time="0.886"/>
  <system-out/>
  <testcase classname="socaldesignautomation.SocalWaysToPay10" name="PaymentAccepted" time="0.516"/>
  <system-out/>
  <testcase classname="socaldesignautomation.SocalWaysToPay10" name="WaysToPay" time="0.144"/>
  <system-out/>
</testsuite> <!-- socaldesignautomation.SocalWaysToPay10 -->
