<?xml version="1.0" encoding="UTF-8"?>
<!-- Generated by org.testng.reporters.JUnitReportReporter -->
<testsuite hostname="DESKTOP-RG41173" failures="0" tests="24" name="socaldesignautomation.SocalCoronavirus15" time="14.148" errors="0" timestamp="2020-09-04T11:31:40 IST" skipped="0">
  <testcase classname="socaldesignautomation.SocalCoronavirus15" name="MultiLanguageBillInfoDesignVerification" time="0.248"/>
  <system-out/>
  <testcase classname="socaldesignautomation.SocalCoronavirus15" name="BillPaymentOptionsAndServicesDuringCOVIDDesignVerification" time="0.556"/>
  <system-out/>
  <testcase classname="socaldesignautomation.SocalCoronavirus15" name="ScamAlertDesignVerification" time="2.035"/>
  <system-out/>
  <testcase classname="socaldesignautomation.SocalCoronavirus15" name="CoronavirusOurSupportAndResponse" time="0.269"/>
  <system-out/>
  <testcase classname="socaldesignautomation.SocalCoronavirus15" name="WhatToExpectForYourNaturalGasServiceDesignVerification" time="0.314"/>
  <system-out/>
  <testcase classname="socaldesignautomation.SocalCoronavirus15" name="FacilityLimitationsDesignVerification" time="0.280"/>
  <system-out/>
  <testcase classname="socaldesignautomation.SocalCoronavirus15" name="WhatToExpectForYourNaturalGasServiceDesignVerification" time="0.230"/>
  <system-out/>
  <testcase classname="socaldesignautomation.SocalCoronavirus15" name="BillPaymentOptionsAndServicesDuringCOVIDDesignVerification" time="0.371"/>
  <system-out/>
  <testcase classname="socaldesignautomation.SocalCoronavirus15" name="ScamAlertDesignVerification" time="0.585"/>
  <system-out/>
  <testcase classname="socaldesignautomation.SocalCoronavirus15" name="MultiLanguageBillInfoDesignVerification" time="1.054"/>
  <system-out/>
  <testcase classname="socaldesignautomation.SocalCoronavirus15" name="FacilityLimitationsDesignVerification" time="1.313"/>
  <system-out/>
  <testcase classname="socaldesignautomation.SocalCoronavirus15" name="ViewCustomerServiceUpdatesVideoInMultipleLanguageDesignVerification" time="1.127"/>
  <system-out/>
  <testcase classname="socaldesignautomation.SocalCoronavirus15" name="CommunityNewsletterDesignVerification" time="0.169"/>
  <system-out/>
  <testcase classname="socaldesignautomation.SocalCoronavirus15" name="CoronavirusOurSupportAndResponse" time="0.416"/>
  <system-out/>
  <testcase classname="socaldesignautomation.SocalCoronavirus15" name="CommunityNewsletterDesignVerification" time="0.649"/>
  <system-out/>
  <testcase classname="socaldesignautomation.SocalCoronavirus15" name="WhatToExpectForYourNaturalGasServiceDesignVerification" time="0.341"/>
  <system-out/>
  <testcase classname="socaldesignautomation.SocalCoronavirus15" name="CoronavirusOurSupportAndResponse" time="0.455"/>
  <system-out/>
  <testcase classname="socaldesignautomation.SocalCoronavirus15" name="FacilityLimitationsDesignVerification" time="0.665"/>
  <system-out/>
  <testcase classname="socaldesignautomation.SocalCoronavirus15" name="ViewCustomerServiceUpdatesVideoInMultipleLanguageDesignVerification" time="0.175"/>
  <system-out/>
  <testcase classname="socaldesignautomation.SocalCoronavirus15" name="CommunityNewsletterDesignVerification" time="0.943"/>
  <system-out/>
  <testcase classname="socaldesignautomation.SocalCoronavirus15" name="MultiLanguageBillInfoDesignVerification" time="0.783"/>
  <system-out/>
  <testcase classname="socaldesignautomation.SocalCoronavirus15" name="BillPaymentOptionsAndServicesDuringCOVIDDesignVerification" time="0.548"/>
  <system-out/>
  <testcase classname="socaldesignautomation.SocalCoronavirus15" name="ViewCustomerServiceUpdatesVideoInMultipleLanguageDesignVerification" time="0.267"/>
  <system-out/>
  <testcase classname="socaldesignautomation.SocalCoronavirus15" name="ScamAlertDesignVerification" time="0.355"/>
  <system-out/>
</testsuite> <!-- socaldesignautomation.SocalCoronavirus15 -->
