<?xml version="1.0" encoding="UTF-8"?>
<!-- Generated by org.testng.reporters.JUnitReportReporter -->
<testsuite hostname="DESKTOP-RG41173" failures="0" tests="9" name="socaldesignautomation.SocalHelpCenter11" time="1.555" errors="0" timestamp="2020-09-04T11:31:40 IST" skipped="0">
  <testcase classname="socaldesignautomation.SocalHelpCenter11" name="FrequentlyAskedQuestionsdesignVerification" time="0.167"/>
  <system-out/>
  <testcase classname="socaldesignautomation.SocalHelpCenter11" name="HelpCenterTitleDesignVerification" time="0.086"/>
  <system-out/>
  <testcase classname="socaldesignautomation.SocalHelpCenter11" name="FeaturedSupportCategoriesDesignVerification" time="0.149"/>
  <system-out/>
  <testcase classname="socaldesignautomation.SocalHelpCenter11" name="FrequentlyAskedQuestionsdesignVerification" time="0.351"/>
  <system-out/>
  <testcase classname="socaldesignautomation.SocalHelpCenter11" name="FeaturedSupportCategoriesDesignVerification" time="0.195"/>
  <system-out/>
  <testcase classname="socaldesignautomation.SocalHelpCenter11" name="FeaturedSupportCategoriesDesignVerification" time="0.235"/>
  <system-out/>
  <testcase classname="socaldesignautomation.SocalHelpCenter11" name="HelpCenterTitleDesignVerification" time="0.078"/>
  <system-out/>
  <testcase classname="socaldesignautomation.SocalHelpCenter11" name="HelpCenterTitleDesignVerification" time="0.031"/>
  <system-out/>
  <testcase classname="socaldesignautomation.SocalHelpCenter11" name="FrequentlyAskedQuestionsdesignVerification" time="0.263"/>
  <system-out/>
</testsuite> <!-- socaldesignautomation.SocalHelpCenter11 -->
