<?xml version="1.0" encoding="UTF-8"?>
<!-- Generated by org.testng.reporters.JUnitReportReporter -->
<testsuite hostname="DESKTOP-RG41173" failures="0" tests="21" name="socaldesignautomation.SocalEnergySavingsAssistanceProgram25" time="8.599" errors="0" timestamp="2020-09-04T11:31:40 IST" skipped="0">
  <testcase classname="socaldesignautomation.SocalEnergySavingsAssistanceProgram25" name="ServicesAvailableDesignVerification" time="0.229"/>
  <system-out/>
  <testcase classname="socaldesignautomation.SocalEnergySavingsAssistanceProgram25" name="WhatifIDontQualifyDesignVerification" time="0.244"/>
  <system-out/>
  <testcase classname="socaldesignautomation.SocalEnergySavingsAssistanceProgram25" name="EnergySavingsAssistanceProgramDesignVerification" time="0.272"/>
  <system-out/>
  <testcase classname="socaldesignautomation.SocalEnergySavingsAssistanceProgram25" name="EnergySavingsAssistanceProgramDesignVerification" time="0.383"/>
  <system-out/>
  <testcase classname="socaldesignautomation.SocalEnergySavingsAssistanceProgram25" name="ServicesAvailableDesignVerification" time="0.041"/>
  <system-out/>
  <testcase classname="socaldesignautomation.SocalEnergySavingsAssistanceProgram25" name="VerifyingYourAuthorizedContractorDesignVerification" time="0.232"/>
  <system-out/>
  <testcase classname="socaldesignautomation.SocalEnergySavingsAssistanceProgram25" name="WhatifIDontQualifyDesignVerification" time="0.166"/>
  <system-out/>
  <testcase classname="socaldesignautomation.SocalEnergySavingsAssistanceProgram25" name="VerifyingYourAuthorizedContractorDesignVerification" time="1.222"/>
  <system-out/>
  <testcase classname="socaldesignautomation.SocalEnergySavingsAssistanceProgram25" name="HowThisProgramWorksDesignVerification" time="0.227"/>
  <system-out/>
  <testcase classname="socaldesignautomation.SocalEnergySavingsAssistanceProgram25" name="WaystoQualifyDesignVerification" time="0.061"/>
  <system-out/>
  <testcase classname="socaldesignautomation.SocalEnergySavingsAssistanceProgram25" name="WhatifIDontQualifyDesignVerification" time="0.053"/>
  <system-out/>
  <testcase classname="socaldesignautomation.SocalEnergySavingsAssistanceProgram25" name="HowThisProgramWorksDesignVerification" time="0.471"/>
  <system-out/>
  <testcase classname="socaldesignautomation.SocalEnergySavingsAssistanceProgram25" name="ServicesAvailableDesignVerification" time="3.051"/>
  <system-out/>
  <testcase classname="socaldesignautomation.SocalEnergySavingsAssistanceProgram25" name="EnergySavingsAssistanceProgramDesignVerification" time="0.164"/>
  <system-out/>
  <testcase classname="socaldesignautomation.SocalEnergySavingsAssistanceProgram25" name="HowThisProgramWorksDesignVerification" time="0.124"/>
  <system-out/>
  <testcase classname="socaldesignautomation.SocalEnergySavingsAssistanceProgram25" name="HowToApplyDesignVerification" time="0.083"/>
  <system-out/>
  <testcase classname="socaldesignautomation.SocalEnergySavingsAssistanceProgram25" name="HowToApplyDesignVerification" time="0.507"/>
  <system-out/>
  <testcase classname="socaldesignautomation.SocalEnergySavingsAssistanceProgram25" name="WaystoQualifyDesignVerification" time="0.231"/>
  <system-out/>
  <testcase classname="socaldesignautomation.SocalEnergySavingsAssistanceProgram25" name="WaystoQualifyDesignVerification" time="0.406"/>
  <system-out/>
  <testcase classname="socaldesignautomation.SocalEnergySavingsAssistanceProgram25" name="HowToApplyDesignVerification" time="0.265"/>
  <system-out/>
  <testcase classname="socaldesignautomation.SocalEnergySavingsAssistanceProgram25" name="VerifyingYourAuthorizedContractorDesignVerification" time="0.167"/>
  <system-out/>
</testsuite> <!-- socaldesignautomation.SocalEnergySavingsAssistanceProgram25 -->
