<?xml version="1.0" encoding="UTF-8"?>
<!-- Generated by org.testng.reporters.JUnitReportReporter -->
<testsuite hostname="DESKTOP-RG41173" failures="0" tests="9" name="socaldesignautomation.SocalContactUs09" time="2.209" errors="0" timestamp="2020-09-04T11:31:40 IST" skipped="0">
  <testcase classname="socaldesignautomation.SocalContactUs09" name="ForGasEmergenciesORSafetyIssues" time="0.438"/>
  <system-out/>
  <testcase classname="socaldesignautomation.SocalContactUs09" name="ContactTitle" time="0.044"/>
  <system-out/>
  <testcase classname="socaldesignautomation.SocalContactUs09" name="ContactTitle" time="0.207"/>
  <system-out/>
  <testcase classname="socaldesignautomation.SocalContactUs09" name="NewsroomDesignVerification" time="0.416"/>
  <system-out/>
  <testcase classname="socaldesignautomation.SocalContactUs09" name="ForGasEmergenciesORSafetyIssues" time="0.282"/>
  <system-out/>
  <testcase classname="socaldesignautomation.SocalContactUs09" name="NewsroomDesignVerification" time="0.309"/>
  <system-out/>
  <testcase classname="socaldesignautomation.SocalContactUs09" name="NewsroomDesignVerification" time="0.236"/>
  <system-out/>
  <testcase classname="socaldesignautomation.SocalContactUs09" name="ContactTitle" time="0.092"/>
  <system-out/>
  <testcase classname="socaldesignautomation.SocalContactUs09" name="ForGasEmergenciesORSafetyIssues" time="0.185"/>
  <system-out/>
</testsuite> <!-- socaldesignautomation.SocalContactUs09 -->
