<?xml version="1.0" encoding="UTF-8"?>
<!-- Generated by org.testng.reporters.JUnitReportReporter -->
<testsuite hostname="DESKTOP-RG41173" failures="0" tests="12" name="socaldesignautomation.SocalBillInserts12" time="4.268" errors="0" timestamp="2020-09-04T11:31:40 IST" skipped="0">
  <testcase classname="socaldesignautomation.SocalBillInserts12" name="YearSubBlkDesignVerification" time="0.236"/>
  <system-out/>
  <testcase classname="socaldesignautomation.SocalBillInserts12" name="LinkTextSubBlkDesignVerification" time="0.167"/>
  <system-out/>
  <testcase classname="socaldesignautomation.SocalBillInserts12" name="LinkTextSubBlkDesignVerification" time="0.379"/>
  <system-out/>
  <testcase classname="socaldesignautomation.SocalBillInserts12" name="BillInsertsAndOtherNoticesDesignVerification" time="0.121"/>
  <system-out/>
  <testcase classname="socaldesignautomation.SocalBillInserts12" name="EndBlkDesignVerification" time="0.275"/>
  <system-out/>
  <testcase classname="socaldesignautomation.SocalBillInserts12" name="BillInsertsAndOtherNoticesDesignVerification" time="0.340"/>
  <system-out/>
  <testcase classname="socaldesignautomation.SocalBillInserts12" name="YearSubBlkDesignVerification" time="0.030"/>
  <system-out/>
  <testcase classname="socaldesignautomation.SocalBillInserts12" name="BillInsertsAndOtherNoticesDesignVerification" time="0.754"/>
  <system-out/>
  <testcase classname="socaldesignautomation.SocalBillInserts12" name="LinkTextSubBlkDesignVerification" time="0.092"/>
  <system-out/>
  <testcase classname="socaldesignautomation.SocalBillInserts12" name="EndBlkDesignVerification" time="0.471"/>
  <system-out/>
  <testcase classname="socaldesignautomation.SocalBillInserts12" name="EndBlkDesignVerification" time="0.784"/>
  <system-out/>
  <testcase classname="socaldesignautomation.SocalBillInserts12" name="YearSubBlkDesignVerification" time="0.619"/>
  <system-out/>
</testsuite> <!-- socaldesignautomation.SocalBillInserts12 -->
