<?xml version="1.0" encoding="UTF-8"?>
<!-- Generated by org.testng.reporters.JUnitReportReporter -->
<testsuite hostname="DESKTOP-RG41173" failures="0" tests="30" name="socaldesignautomation.SocalCareers17" time="34.733" errors="0" timestamp="2020-09-04T11:31:40 IST" skipped="0">
  <testcase classname="socaldesignautomation.SocalCareers17" name="CareersDesignVerification" time="0.097"/>
  <system-out/>
  <testcase classname="socaldesignautomation.SocalCareers17" name="EmployeeBenefitsDesignVerification" time="0.242"/>
  <system-out/>
  <testcase classname="socaldesignautomation.SocalCareers17" name="WeAreSoCalGasDesignVerification" time="0.664"/>
  <system-out/>
  <testcase classname="socaldesignautomation.SocalCareers17" name="RelatedInformationDesignVerification" time="0.090"/>
  <system-out/>
  <testcase classname="socaldesignautomation.SocalCareers17" name="TheApplicationProcessDesignVerification" time="0.085"/>
  <system-out/>
  <testcase classname="socaldesignautomation.SocalCareers17" name="RecruitmentEventsDesignVerification" time="0.152"/>
  <system-out/>
  <testcase classname="socaldesignautomation.SocalCareers17" name="MilitaryVeteransDesignVerification" time="0.093"/>
  <system-out/>
  <testcase classname="socaldesignautomation.SocalCareers17" name="RelatedInformationDesignVerification" time="0.182"/>
  <system-out/>
  <testcase classname="socaldesignautomation.SocalCareers17" name="OpportunitiesForStudentsAndCollegeGradsDesignVerification" time="0.283"/>
  <system-out/>
  <testcase classname="socaldesignautomation.SocalCareers17" name="ParttimeCustomerServiceRepresentativeDesignVerification" time="0.390"/>
  <system-out/>
  <testcase classname="socaldesignautomation.SocalCareers17" name="CareerOpeningsDesignVerification" time="0.088"/>
  <system-out/>
  <testcase classname="socaldesignautomation.SocalCareers17" name="ParttimeCustomerServiceRepresentativeDesignVerification" time="1.754"/>
  <system-out/>
  <testcase classname="socaldesignautomation.SocalCareers17" name="TheApplicationProcessDesignVerification" time="0.589"/>
  <system-out/>
  <testcase classname="socaldesignautomation.SocalCareers17" name="CareersDesignVerification" time="0.238"/>
  <system-out/>
  <testcase classname="socaldesignautomation.SocalCareers17" name="OpportunitiesForStudentsAndCollegeGradsDesignVerification" time="1.597"/>
  <system-out/>
  <testcase classname="socaldesignautomation.SocalCareers17" name="ParttimeCustomerServiceRepresentativeDesignVerification" time="1.225"/>
  <system-out/>
  <testcase classname="socaldesignautomation.SocalCareers17" name="MilitaryVeteransDesignVerification" time="0.744"/>
  <system-out/>
  <testcase classname="socaldesignautomation.SocalCareers17" name="RelatedInformationDesignVerification" time="1.324"/>
  <system-out/>
  <testcase classname="socaldesignautomation.SocalCareers17" name="RecruitmentEventsDesignVerification" time="19.002"/>
  <system-out/>
  <testcase classname="socaldesignautomation.SocalCareers17" name="CareerOpeningsDesignVerification" time="0.383"/>
  <system-out/>
  <testcase classname="socaldesignautomation.SocalCareers17" name="TheApplicationProcessDesignVerification" time="0.284"/>
  <system-out/>
  <testcase classname="socaldesignautomation.SocalCareers17" name="EmployeeBenefitsDesignVerification" time="0.504"/>
  <system-out/>
  <testcase classname="socaldesignautomation.SocalCareers17" name="RecruitmentEventsDesignVerification" time="2.709"/>
  <system-out/>
  <testcase classname="socaldesignautomation.SocalCareers17" name="OpportunitiesForStudentsAndCollegeGradsDesignVerification" time="0.106"/>
  <system-out/>
  <testcase classname="socaldesignautomation.SocalCareers17" name="CareerOpeningsDesignVerification" time="0.256"/>
  <system-out/>
  <testcase classname="socaldesignautomation.SocalCareers17" name="WeAreSoCalGasDesignVerification" time="0.263"/>
  <system-out/>
  <testcase classname="socaldesignautomation.SocalCareers17" name="MilitaryVeteransDesignVerification" time="1.008"/>
  <system-out/>
  <testcase classname="socaldesignautomation.SocalCareers17" name="EmployeeBenefitsDesignVerification" time="0.108"/>
  <system-out/>
  <testcase classname="socaldesignautomation.SocalCareers17" name="CareersDesignVerification" time="0.184"/>
  <system-out/>
  <testcase classname="socaldesignautomation.SocalCareers17" name="WeAreSoCalGasDesignVerification" time="0.089"/>
  <system-out/>
</testsuite> <!-- socaldesignautomation.SocalCareers17 -->
