<?xml version="1.0" encoding="UTF-8"?>
<!-- Generated by org.testng.reporters.JUnitReportReporter -->
<testsuite hostname="DESKTOP-RG41173" failures="0" tests="6" name="socaldesignautomation.SocalBillingandPayment21" time="1.454" errors="0" timestamp="2020-09-04T11:31:40 IST" skipped="0">
  <testcase classname="socaldesignautomation.SocalBillingandPayment21" name="BillingandPaymentDesignVerification" time="0.116"/>
  <system-out/>
  <testcase classname="socaldesignautomation.SocalBillingandPayment21" name="LinkTextdesignVerification" time="0.558"/>
  <system-out/>
  <testcase classname="socaldesignautomation.SocalBillingandPayment21" name="BillingandPaymentDesignVerification" time="0.320"/>
  <system-out/>
  <testcase classname="socaldesignautomation.SocalBillingandPayment21" name="LinkTextdesignVerification" time="0.115"/>
  <system-out/>
  <testcase classname="socaldesignautomation.SocalBillingandPayment21" name="LinkTextdesignVerification" time="0.237"/>
  <system-out/>
  <testcase classname="socaldesignautomation.SocalBillingandPayment21" name="BillingandPaymentDesignVerification" time="0.108"/>
  <system-out/>
</testsuite> <!-- socaldesignautomation.SocalBillingandPayment21 -->
