<?xml version="1.0" encoding="UTF-8"?>
<!-- Generated by org.testng.reporters.JUnitReportReporter -->
<testsuite hostname="DESKTOP-RG41173" failures="0" tests="18" name="socaldesignautomation.SocalWaytoPayYourBill24" time="9.783" errors="0" timestamp="2020-09-04T11:31:40 IST" skipped="0">
  <testcase classname="socaldesignautomation.SocalWaytoPayYourBill24" name="MyAccountDesignVerification" time="0.632"/>
  <system-out/>
  <testcase classname="socaldesignautomation.SocalWaytoPayYourBill24" name="WaysToPayYourBillDesignVerification" time="0.044"/>
  <system-out/>
  <testcase classname="socaldesignautomation.SocalWaytoPayYourBill24" name="PayByPhoneDesignVerificaation" time="0.799"/>
  <system-out/>
  <testcase classname="socaldesignautomation.SocalWaytoPayYourBill24" name="EndParaDesignVerification" time="0.166"/>
  <system-out/>
  <testcase classname="socaldesignautomation.SocalWaytoPayYourBill24" name="BusinessMyAccountDesignVerification" time="0.570"/>
  <system-out/>
  <testcase classname="socaldesignautomation.SocalWaytoPayYourBill24" name="BillMatrixDesignVerification" time="1.635"/>
  <system-out/>
  <testcase classname="socaldesignautomation.SocalWaytoPayYourBill24" name="BillMatrixDesignVerification" time="0.291"/>
  <system-out/>
  <testcase classname="socaldesignautomation.SocalWaytoPayYourBill24" name="PayByPhoneDesignVerificaation" time="0.057"/>
  <system-out/>
  <testcase classname="socaldesignautomation.SocalWaytoPayYourBill24" name="MyAccountDesignVerification" time="0.212"/>
  <system-out/>
  <testcase classname="socaldesignautomation.SocalWaytoPayYourBill24" name="BillMatrixDesignVerification" time="3.601"/>
  <system-out/>
  <testcase classname="socaldesignautomation.SocalWaytoPayYourBill24" name="WaysToPayYourBillDesignVerification" time="0.456"/>
  <system-out/>
  <testcase classname="socaldesignautomation.SocalWaytoPayYourBill24" name="EndParaDesignVerification" time="0.100"/>
  <system-out/>
  <testcase classname="socaldesignautomation.SocalWaytoPayYourBill24" name="BusinessMyAccountDesignVerification" time="0.135"/>
  <system-out/>
  <testcase classname="socaldesignautomation.SocalWaytoPayYourBill24" name="WaysToPayYourBillDesignVerification" time="0.359"/>
  <system-out/>
  <testcase classname="socaldesignautomation.SocalWaytoPayYourBill24" name="EndParaDesignVerification" time="0.137"/>
  <system-out/>
  <testcase classname="socaldesignautomation.SocalWaytoPayYourBill24" name="MyAccountDesignVerification" time="0.210"/>
  <system-out/>
  <testcase classname="socaldesignautomation.SocalWaytoPayYourBill24" name="PayByPhoneDesignVerificaation" time="0.236"/>
  <system-out/>
  <testcase classname="socaldesignautomation.SocalWaytoPayYourBill24" name="BusinessMyAccountDesignVerification" time="0.143"/>
  <system-out/>
</testsuite> <!-- socaldesignautomation.SocalWaytoPayYourBill24 -->
