<?xml version="1.0" encoding="UTF-8"?>
<!-- Generated by org.testng.reporters.JUnitReportReporter -->
<testsuite hostname="DESKTOP-RG41173" failures="0" tests="24" name="socaldesignautomation.SocalPayBill07" time="15.019" errors="0" timestamp="2020-09-04T11:31:40 IST" skipped="0">
  <testcase classname="socaldesignautomation.SocalPayBill07" name="ManageHigherBillsDesignVerification" time="0.379"/>
  <system-out/>
  <testcase classname="socaldesignautomation.SocalPayBill07" name="LogintoMyAccounttopayYourBillDesignVerification" time="0.211"/>
  <system-out/>
  <testcase classname="socaldesignautomation.SocalPayBill07" name="WaysToPayDesignVerification" time="0.099"/>
  <system-out/>
  <testcase classname="socaldesignautomation.SocalPayBill07" name="WaysToPayDesignVerification" time="5.204"/>
  <system-out/>
  <testcase classname="socaldesignautomation.SocalPayBill07" name="BusinessMyAccountDesignVerification" time="0.202"/>
  <system-out/>
  <testcase classname="socaldesignautomation.SocalPayBill07" name="WaysToPayDesignVerification" time="0.230"/>
  <system-out/>
  <testcase classname="socaldesignautomation.SocalPayBill07" name="NeedMoreTimeToPayDesignVerification" time="0.235"/>
  <system-out/>
  <testcase classname="socaldesignautomation.SocalPayBill07" name="BusinessMyAccountDesignVerification" time="0.412"/>
  <system-out/>
  <testcase classname="socaldesignautomation.SocalPayBill07" name="ManageHigherBillsDesignVerification" time="0.782"/>
  <system-out/>
  <testcase classname="socaldesignautomation.SocalPayBill07" name="PayYourBillsDesignVerification" time="0.304"/>
  <system-out/>
  <testcase classname="socaldesignautomation.SocalPayBill07" name="MyAccountDesignVerfication" time="0.530"/>
  <system-out/>
  <testcase classname="socaldesignautomation.SocalPayBill07" name="ManageHigherBillsDesignVerification" time="0.355"/>
  <system-out/>
  <testcase classname="socaldesignautomation.SocalPayBill07" name="PayYourBillsDesignVerification" time="0.178"/>
  <system-out/>
  <testcase classname="socaldesignautomation.SocalPayBill07" name="MyAccountDesignVerfication" time="0.364"/>
  <system-out/>
  <testcase classname="socaldesignautomation.SocalPayBill07" name="BusinessMyAccountDesignVerification" time="0.398"/>
  <system-out/>
  <testcase classname="socaldesignautomation.SocalPayBill07" name="MyAccountDesignVerfication" time="0.276"/>
  <system-out/>
  <testcase classname="socaldesignautomation.SocalPayBill07" name="PayYourBillsDesignVerification" time="0.049"/>
  <system-out/>
  <testcase classname="socaldesignautomation.SocalPayBill07" name="LogintoMyAccounttopayYourBillDesignVerification" time="0.277"/>
  <system-out/>
  <testcase classname="socaldesignautomation.SocalPayBill07" name="UnderstandingYourBillDesignVerification" time="0.342"/>
  <system-out/>
  <testcase classname="socaldesignautomation.SocalPayBill07" name="LogintoMyAccounttopayYourBillDesignVerification" time="0.520"/>
  <system-out/>
  <testcase classname="socaldesignautomation.SocalPayBill07" name="NeedMoreTimeToPayDesignVerification" time="2.214"/>
  <system-out/>
  <testcase classname="socaldesignautomation.SocalPayBill07" name="NeedMoreTimeToPayDesignVerification" time="0.094"/>
  <system-out/>
  <testcase classname="socaldesignautomation.SocalPayBill07" name="UnderstandingYourBillDesignVerification" time="0.140"/>
  <system-out/>
  <testcase classname="socaldesignautomation.SocalPayBill07" name="UnderstandingYourBillDesignVerification" time="1.224"/>
  <system-out/>
</testsuite> <!-- socaldesignautomation.SocalPayBill07 -->
