<?xml version="1.0" encoding="UTF-8"?>
<!-- Generated by org.testng.reporters.JUnitReportReporter -->
<testsuite hostname="DESKTOP-RG41173" failures="0" tests="6" name="socaldesignautomation.SocalBillAssistance26" time="0.687" errors="0" timestamp="2020-09-04T11:31:40 IST" skipped="0">
  <testcase classname="socaldesignautomation.SocalBillAssistance26" name="BillAssistanceDesignVerification" time="0.117"/>
  <system-out/>
  <testcase classname="socaldesignautomation.SocalBillAssistance26" name="LinksDesignVerification" time="0.085"/>
  <system-out/>
  <testcase classname="socaldesignautomation.SocalBillAssistance26" name="LinksDesignVerification" time="0.044"/>
  <system-out/>
  <testcase classname="socaldesignautomation.SocalBillAssistance26" name="BillAssistanceDesignVerification" time="0.170"/>
  <system-out/>
  <testcase classname="socaldesignautomation.SocalBillAssistance26" name="BillAssistanceDesignVerification" time="0.088"/>
  <system-out/>
  <testcase classname="socaldesignautomation.SocalBillAssistance26" name="LinksDesignVerification" time="0.183"/>
  <system-out/>
</testsuite> <!-- socaldesignautomation.SocalBillAssistance26 -->
