<?xml version="1.0" encoding="UTF-8"?>
<!-- Generated by org.testng.reporters.JUnitReportReporter -->
<testsuite hostname="DESKTOP-RG41173" failures="0" tests="6" name="socaldesignautomation.HelpCenterMyAccount27" time="0.634" errors="0" timestamp="2020-09-04T11:31:40 IST" skipped="0">
  <testcase classname="socaldesignautomation.HelpCenterMyAccount27" name="MyAccountDesignVerification" time="0.070"/>
  <system-out/>
  <testcase classname="socaldesignautomation.HelpCenterMyAccount27" name="LinksDesignVerification" time="0.071"/>
  <system-out/>
  <testcase classname="socaldesignautomation.HelpCenterMyAccount27" name="LinksDesignVerification" time="0.083"/>
  <system-out/>
  <testcase classname="socaldesignautomation.HelpCenterMyAccount27" name="MyAccountDesignVerification" time="0.141"/>
  <system-out/>
  <testcase classname="socaldesignautomation.HelpCenterMyAccount27" name="LinksDesignVerification" time="0.181"/>
  <system-out/>
  <testcase classname="socaldesignautomation.HelpCenterMyAccount27" name="MyAccountDesignVerification" time="0.088"/>
  <system-out/>
</testsuite> <!-- socaldesignautomation.HelpCenterMyAccount27 -->
